Manage file trust and attestation

USAGE
  nono trust <command>

COMMANDS:
  init         Create a trust-policy.json in the current directory
  sign         Sign a file, producing a .bundle alongside it
  sign-policy  Sign a trust policy file, producing a .bundle alongside it
  verify       Verify a file's bundle against the trust policy
  list         List files and their verification status
  keygen       Generate a new ECDSA P-256 signing key pair
  export-key   Export the public key for a signing key (base64 DER)

OPTIONS:
  -s, --silent           Silent mode - suppress all nono output (banner, summary, status)
      --theme <THEME>    Color theme for output (mocha, latte, frappe, macchiato, tokyo-night, dark-factory, minimal) [env: NONO_THEME=]
      --log-file <PATH>  Write logs to a file instead of stderr [env: NONO_LOG_FILE=]
  -h, --help             Print help


EXAMPLES
  nono trust sign SKILLS.md                    # Sign with default keystore key
  nono trust sign SKILLS.md --key my-key       # Sign with a specific key ID
  nono trust sign-policy                       # Sign project trust policy
  nono trust sign-policy --user                # Sign user-level trust policy
  nono trust verify SKILLS.md                  # Verify a file
  nono trust verify --all                      # Verify all files matching policy
  nono trust list                              # List files and verification status
  nono trust keygen                            # Generate a new signing key pair
---
Generate a new ECDSA P-256 signing key pair

Usage: nono.exe trust keygen [OPTIONS]

Options:
      --id <NAME>     Key identifier (stored in system keystore under this name) [default: default]
      --keyref <URI>  Key reference URI (keystore://name or file:///path/to/key.pem)
      --force         Overwrite existing key with the same ID

OPTIONS:
  -s, --silent           Silent mode - suppress all nono output (banner, summary, status)
      --theme <THEME>    Color theme for output (mocha, latte, frappe, macchiato, tokyo-night, dark-factory, minimal) [env: NONO_THEME=]
      --log-file <PATH>  Write logs to a file instead of stderr [env: NONO_LOG_FILE=]
  -h, --help             Print help
